=== Multi-Account Fee Distribution Verification Test ===
Date: 2024-12-19
Test Script: FeeDistributionTest.s.sol
Environment: Anvil Local Node (localhost:8545)

=== Test Accounts ===
Platform Receiver (Account 0): 0xf39Fd6e51aad88F6F4ce6aB8827279cffFb92266
Meme Creator (Account 1):       0x70997970C51812dc3A010C7d01b50e0d17dc79C8
Token Buyer (Account 2):        0x3C44CdDdB6a900fa2b585dd299e03d12FA4293BC

=== Test Scenario ===
1. Creator (Account 1) deploys Meme token "DOGE"
2. Buyer (Account 2) mints tokens by paying 0.001 ETH
3. Verify fee distribution: 1% to platform, 99% to creator

=== Initial Balances ===
Platform balance: 9,999,995,185,550,995,185,551 wei
Creator balance:  10,000,000,000,000,000,000,000 wei
Buyer balance:    10,000,000,000,000,000,000,000 wei

=== Transaction Results ===
Meme Token Deployed: 0x9f1ac54BEF0DD2f6f3462EA0fa94fC62300d3a8e
Verified Creator: 0x70997970C51812dc3A010C7d01b50e0d17dc79C8 ✅
Tokens Minted: 1,000 tokens (1,000,000,000,000,000,000,000 wei)

=== Final Balances ===
Platform balance: 9,999,995,195,550,995,185,551 wei
Creator balance:  10,000,000,990,000,000,000,000 wei
Buyer balance:     9,999,999,000,000,000,000,000 wei

=== Balance Changes Analysis ===
Platform gained: 10,000,000,000,000 wei (0.00001 ETH)
Creator gained:  990,000,000,000,000 wei (0.00099 ETH)
Buyer paid:    1,000,000,000,000,000 wei (0.001 ETH)

=== Fee Distribution Verification ===
Total Payment: 1,000,000,000,000,000 wei (0.001 ETH)

Expected Distribution:
- Platform Fee (1%): 10,000,000,000,000 wei (0.00001 ETH)
- Creator Fee (99%): 990,000,000,000,000 wei (0.00099 ETH)

Actual Distribution:
- Platform Fee: 10,000,000,000,000 wei (0.00001 ETH)
- Creator Fee: 990,000,000,000,000 wei (0.00099 ETH)

=== Verification Results ===
✅ Platform fee correct: true
✅ Creator fee correct: true
✅ Total distribution correct: true
✅ Fee distribution test PASSED: true

=== Percentage Verification ===
Platform percentage: 1% (100 basis points)
Creator percentage: 99% (9900 basis points)

=== Gas Usage ===
Total Gas Used: 557,590 gas
Total Cost: 0.000493848830076239 ETH
Average Gas Price: 0.859488993 gwei

=== Transaction Hashes ===
Creator Deploy Transaction: 0x15b89c5f7bab496ac8e22c666590986b67d5bd9748a180bb1b9ac7ba48a64768
Buyer Mint Transaction: 0x5d5697a83fb02a3bea322d0eb72a1f38764c263bea6d0db2ab5eaf82f2e1d6b1

=== Test Conclusion ===
✅ PASSED: Fee distribution mechanism works perfectly
✅ PASSED: 1% platform fee correctly allocated
✅ PASSED: 99% creator fee correctly allocated
✅ PASSED: Multi-account scenario validates real-world usage
✅ PASSED: All balance changes match expected calculations

The fee distribution functionality is working correctly with different accounts.
The previous issue was only due to using the same address for creator and platform receiver.

=== End of Verification Test ===