Ran 21 tests for test/MemeFactoryV2.t.sol:MemeFactoryV2Test
[PASS] testActivateMeme() (gas: 409212)
[PASS] testBoundaryMaxSupply() (gas: 411401)
[PASS] testBoundaryMinPrice() (gas: 413688)
[PASS] testBuyMemeWithLiquidity() (gas: 601336)
[PASS] testBuyMemeWithoutLiquidity() (gas: 424511)
[PASS] testBuyMemeZeroValue() (gas: 417538)
[PASS] testCanMint() (gas: 425585)
[PASS] testDeactivateMeme() (gas: 403865)
[PASS] testDeployMeme() (gas: 423263)
[PASS] testDeployMemeInvalidParams() (gas: 37065)
[PASS] testFactoryDeployment() (gas: 19418)
[PASS] testGetAllMemesCount() (gas: 409482)
[PASS] testGetCreatorMemes() (gas: 762177)
[PASS] testGetRemainingSupply() (gas: 581124)
[PASS] testMintMemeExceedsSupply() (gas: 587915)
[PASS] testMintMemeFirstTime() (gas: 585941)
[PASS] testMintMemeInactiveToken() (gas: 406798)
[PASS] testMintMemeInsufficientPayment() (gas: 424354)
[PASS] testMintMemeRefundExcess() (gas: 580946)
[PASS] testMintMemeSecondTime() (gas: 671210)
[PASS] testSetPlatformFeeReceiver() (gas: 25969)
Suite result: ok. 21 passed; 0 failed; 0 skipped; finished in 8.12ms (6.75ms CPU time)

Ran 2 test suites in 82.73ms (16.22ms CPU time): 38 tests passed, 0 failed, 0 skipped (38 total tests)
